<?xml version="1.0" encoding="UTF-8"?>
<!-- Generated by org.testng.reporters.JUnitXMLReporter -->
<testsuite ignored="2" hostname="LAPTOP-CH1MU7V2" failures="0" tests="1" name="Default test" time="25.983" errors="0" timestamp="2022-05-03T14:09:24 IST">
  <testcase classname="Test.Test_zerodha" name="loginWithVaildCridentials" time="17.621"/>
  <testcase classname="Test.Test_zerodha" name="signup" time="0.0">
    <ignored/>
  </testcase> <!-- signup -->
  <testcase classname="Test.Test_zerodha" name="forgotpassword" time="0.0">
    <ignored/>
  </testcase> <!-- forgotpassword -->
</testsuite> <!-- Default test -->
