<?xml version="1.0" encoding="UTF-8"?>
<testng-results ignored="2" total="3" passed="1" failed="0" skipped="0">
  <reporter-output>
  </reporter-output>
  <suite started-at="2022-05-03T14:08:58 IST" name="Default suite" finished-at="2022-05-03T14:09:24 IST" duration-ms="25983">
    <groups>
    </groups>
    <test started-at="2022-05-03T14:08:58 IST" name="Default test" finished-at="2022-05-03T14:09:24 IST" duration-ms="25983">
      <class name="Test.Test_zerodha">
        <test-method is-config="true" signature="openbrowser()[pri:0, instance:Test.Test_zerodha@74751b3]" started-at="2022-05-03T14:08:58 IST" name="openbrowser" finished-at="2022-05-03T14:09:04 IST" duration-ms="6187" status="PASS">
          <reporter-output>
          </reporter-output>
        </test-method> <!-- openbrowser -->
        <test-method signature="loginWithVaildCridentials()[pri:0, instance:Test.Test_zerodha@74751b3]" started-at="2022-05-03T14:09:04 IST" name="loginWithVaildCridentials" finished-at="2022-05-03T14:09:22 IST" duration-ms="17621" status="PASS">
          <reporter-output>
          </reporter-output>
        </test-method> <!-- loginWithVaildCridentials -->
        <test-method is-config="true" signature="screenShot()[pri:0, instance:Test.Test_zerodha@74751b3]" started-at="2022-05-03T14:09:22 IST" name="screenShot" finished-at="2022-05-03T14:09:24 IST" duration-ms="2123" status="PASS">
          <reporter-output>
          </reporter-output>
        </test-method> <!-- screenShot -->
      </class> <!-- Test.Test_zerodha -->
    </test> <!-- Default test -->
  </suite> <!-- Default suite -->
</testng-results>
